app/build/outputs/logs/manifest-merger-debug-report.txt
-- Merging decision tree log ---
manifest
ADDED from src\main\AndroidManifest.xml:2:1-195:12
	package
		ADDED from src\main\AndroidManifest.xml:3:5-42
		INJECTED from src\main\AndroidManifest.xml
		INJECTED from src\main\AndroidManifest.xml
	xmlns:android
		ADDED from src\main\AndroidManifest.xml:2:11-69
uses-sdk
ADDED from src\main\AndroidManifest.xml:5:5-44
MERGED from [com.android.support:appcompat-v7:23.4.0] AndroidManifest.xml:21:5-23:78
MERGED from [com.android.support:animated-vector-drawable:23.4.0] AndroidManifest.xml:5:5-44
MERGED from [com.android.support:support-vector-drawable:23.4.0] AndroidManifest.xml:5:5-43
MERGED from [com.android.support:support-v4:23.4.0] AndroidManifest.xml:20:5-43
MERGED from [com.android.support:support-v4:23.4.0] AndroidManifest.xml:20:5-43
MERGED from [com.android.support:support-vector-drawable:23.4.0] AndroidManifest.xml:5:5-43
MERGED from [com.android.support:support-v4:23.4.0] AndroidManifest.xml:20:5-43
MERGED from [com.android.support.constraint:constraint-layout:1.0.2] AndroidManifest.xml:5:5-7:41
MERGED from [com.android.support:design:23.4.0] AndroidManifest.xml:20:5-43
MERGED from [com.android.support:recyclerview-v7:23.4.0] AndroidManifest.xml:20:5-43
MERGED from [com.android.support:support-v4:23.4.0] AndroidManifest.xml:20:5-43
MERGED from [com.android.support:appcompat-v7:23.4.0] AndroidManifest.xml:21:5-23:78
MERGED from [com.android.support:animated-vector-drawable:23.4.0] AndroidManifest.xml:5:5-44
MERGED from [com.android.support:support-vector-drawable:23.4.0] AndroidManifest.xml:5:5-43
MERGED from [com.android.support:support-v4:23.4.0] AndroidManifest.xml:20:5-43
MERGED from [com.android.support:support-v4:23.4.0] AndroidManifest.xml:20:5-43
MERGED from [com.android.support:support-vector-drawable:23.4.0] AndroidManifest.xml:5:5-43
MERGED from [com.android.support:support-v4:23.4.0] AndroidManifest.xml:20:5-43
MERGED from [com.android.support:support-v4:23.4.0] AndroidManifest.xml:20:5-43
	tools:overrideLibrary
		ADDED from [com.android.support:appcompat-v7:23.4.0] AndroidManifest.xml:23:9-75
	android:targetSdkVersion
		INJECTED from src\main\AndroidManifest.xml
		INJECTED from src\main\AndroidManifest.xml
	android:minSdkVersion
		ADDED from src\main\AndroidManifest.xml:5:15-41
		INJECTED from src\main\AndroidManifest.xml
		INJECTED from src\main\AndroidManifest.xml
application
ADDED from src\main\AndroidManifest.xml:7:5-193:19
MERGED from [com.android.support:appcompat-v7:23.4.0] AndroidManifest.xml:25:5-20
MERGED from [com.android.support:animated-vector-drawable:23.4.0] AndroidManifest.xml:7:5-20
MERGED from [com.android.support:support-vector-drawable:23.4.0] AndroidManifest.xml:7:5-20
MERGED from [com.android.support:support-v4:23.4.0] AndroidManifest.xml:22:5-20
MERGED from [com.android.support:support-v4:23.4.0] AndroidManifest.xml:22:5-20
MERGED from [com.android.support:support-vector-drawable:23.4.0] AndroidManifest.xml:7:5-20
MERGED from [com.android.support:support-v4:23.4.0] AndroidManifest.xml:22:5-20
MERGED from [com.android.support.constraint:constraint-layout:1.0.2] AndroidManifest.xml:9:5-20
MERGED from [com.android.support:design:23.4.0] AndroidManifest.xml:22:5-20
MERGED from [com.android.support:support-v4:23.4.0] AndroidManifest.xml:22:5-20
MERGED from [com.android.support:appcompat-v7:23.4.0] AndroidManifest.xml:25:5-20
MERGED from [com.android.support:animated-vector-drawable:23.4.0] AndroidManifest.xml:7:5-20
MERGED from [com.android.support:support-vector-drawable:23.4.0] AndroidManifest.xml:7:5-20
MERGED from [com.android.support:support-v4:23.4.0] AndroidManifest.xml:22:5-20
MERGED from [com.android.support:support-v4:23.4.0] AndroidManifest.xml:22:5-20
MERGED from [com.android.support:support-vector-drawable:23.4.0] AndroidManifest.xml:7:5-20
MERGED from [com.android.support:support-v4:23.4.0] AndroidManifest.xml:22:5-20
MERGED from [com.android.support:support-v4:23.4.0] AndroidManifest.xml:22:5-20
	android:label
		ADDED from src\main\AndroidManifest.xml:9:9-41
	android:icon
		ADDED from src\main\AndroidManifest.xml:8:9-43
receiver#com.example.android.notepad.Alarm
ADDED from src\main\AndroidManifest.xml:11:9-13:41
	android:process
		ADDED from src\main\AndroidManifest.xml:13:13-38
	android:name
		ADDED from src\main\AndroidManifest.xml:12:13-34
provider#com.example.android.notepad.NotePadProvider
ADDED from src\main\AndroidManifest.xml:14:9-19:20
	android:authorities
		ADDED from src\main\AndroidManifest.xml:16:13-62
	android:exported
		ADDED from src\main\AndroidManifest.xml:17:13-37
	android:name
		ADDED from src\main\AndroidManifest.xml:15:13-44
grant-uri-permission
ADDED from src\main\AndroidManifest.xml:18:13-62
	android:pathPattern
		ADDED from src\main\AndroidManifest.xml:18:35-59
activity#com.example.android.notepad.NotesList
ADDED from src\main\AndroidManifest.xml:21:9-45:20
	android:label
		ADDED from src\main\AndroidManifest.xml:23:13-53
	android:name
		ADDED from src\main\AndroidManifest.xml:22:13-38
intent-filter#android.intent.action.MAIN+android.intent.category.LAUNCHER
ADDED from src\main\AndroidManifest.xml:24:13-28:29
action#android.intent.action.MAIN
ADDED from src\main\AndroidManifest.xml:25:17-69
	android:name
		ADDED from src\main\AndroidManifest.xml:25:25-66
category#android.intent.category.LAUNCHER
ADDED from src\main\AndroidManifest.xml:27:17-77
	android:name
		ADDED from src\main\AndroidManifest.xml:27:27-74
intent-filter#android.intent.action.EDIT+android.intent.action.PICK+android.intent.action.VIEW+android.intent.category.DEFAULT
ADDED from src\main\AndroidManifest.xml:29:13-37:29
action#android.intent.action.VIEW
ADDED from src\main\AndroidManifest.xml:30:17-69
	android:name
		ADDED from src\main\AndroidManifest.xml:30:25-66
action#android.intent.action.EDIT
ADDED from src\main\AndroidManifest.xml:31:17-69
	android:name
		ADDED from src\main\AndroidManifest.xml:31:25-66
action#android.intent.action.PICK
ADDED from src\main\AndroidManifest.xml:32:17-69
	android:name
		ADDED from src\main\AndroidManifest.xml:32:25-66
category#android.intent.category.DEFAULT
ADDED from src\main\AndroidManifest.xml:34:17-76
	android:name
		ADDED from src\main\AndroidManifest.xml:34:27-73
data
ADDED from src\main\AndroidManifest.xml:36:17-83
	android:mimeType
		ADDED from src\main\AndroidManifest.xml:36:23-80
intent-filter#android.intent.action.GET_CONTENT+android.intent.category.DEFAULT
ADDED from src\main\AndroidManifest.xml:38:13-44:29
action#android.intent.action.GET_CONTENT
ADDED from src\main\AndroidManifest.xml:39:17-76
	android:name
		ADDED from src\main\AndroidManifest.xml:39:25-73
activity#com.example.android.notepad.NoteEditor
ADDED from src\main\AndroidManifest.xml:46:9-80:20
	android:screenOrientation
		ADDED from src\main\AndroidManifest.xml:49:13-47
	android:configChanges
		ADDED from src\main\AndroidManifest.xml:48:13-63
	android:theme
		ADDED from src\main\AndroidManifest.xml:50:13-60
	android:name
		ADDED from src\main\AndroidManifest.xml:47:13-39
intent-filter#android.intent.action.EDIT+android.intent.action.VIEW+android.intent.category.DEFAULT+com.android.notepad.action.EDIT_NOTE
ADDED from src\main\AndroidManifest.xml:56:13-64:29
	android:label
		ADDED from src\main\AndroidManifest.xml:56:28-64
action#com.android.notepad.action.EDIT_NOTE
ADDED from src\main\AndroidManifest.xml:59:17-79
	android:name
		ADDED from src\main\AndroidManifest.xml:59:25-76
intent-filter#android.intent.action.INSERT+android.intent.action.PASTE+android.intent.category.DEFAULT
ADDED from src\main\AndroidManifest.xml:72:13-79:29
action#android.intent.action.INSERT
ADDED from src\main\AndroidManifest.xml:73:17-71
	android:name
		ADDED from src\main\AndroidManifest.xml:73:25-68
action#android.intent.action.PASTE
ADDED from src\main\AndroidManifest.xml:74:17-70
	android:name
		ADDED from src\main\AndroidManifest.xml:74:25-67
activity#com.example.android.notepad.TitleEditor
ADDED from src\main\AndroidManifest.xml:81:9-117:20
	android:label
		ADDED from src\main\AndroidManifest.xml:84:13-53
	android:windowSoftInputMode
		ADDED from src\main\AndroidManifest.xml:86:13-55
	android:icon
		ADDED from src\main\AndroidManifest.xml:83:13-50
	android:theme
		ADDED from src\main\AndroidManifest.xml:85:13-61
	android:name
		ADDED from src\main\AndroidManifest.xml:82:13-40
intent-filter#android.intent.category.ALTERNATIVE+android.intent.category.DEFAULT+android.intent.category.SELECTED_ALTERNATIVE+com.android.notepad.action.EDIT_TITLE
ADDED from src\main\AndroidManifest.xml:94:13-116:29
	android:label
		ADDED from src\main\AndroidManifest.xml:94:28-65
action#com.android.notepad.action.EDIT_TITLE
ADDED from src\main\AndroidManifest.xml:101:17-80
	android:name
		ADDED from src\main\AndroidManifest.xml:101:25-77
category#android.intent.category.ALTERNATIVE
ADDED from src\main\AndroidManifest.xml:108:17-80
	android:name
		ADDED from src\main\AndroidManifest.xml:108:27-77
category#android.intent.category.SELECTED_ALTERNATIVE
ADDED from src\main\AndroidManifest.xml:113:17-89
	android:name
		ADDED from src\main\AndroidManifest.xml:113:27-86
activity#com.example.android.notepad.BackgroundEditor
ADDED from src\main\AndroidManifest.xml:118:9-138:20
	android:label
		ADDED from src\main\AndroidManifest.xml:120:13-44
	android:name
		ADDED from src\main\AndroidManifest.xml:119:13-45
intent-filter#android.intent.category.ALTERNATIVE+android.intent.category.DEFAULT+android.intent.category.SELECTED_ALTERNATIVE+com.android.notepad.action.EDIT_BACKGROUND
ADDED from src\main\AndroidManifest.xml:121:13-137:29
	android:label
		ADDED from src\main\AndroidManifest.xml:121:28-59
action#com.android.notepad.action.EDIT_BACKGROUND
ADDED from src\main\AndroidManifest.xml:122:17-85
	android:name
		ADDED from src\main\AndroidManifest.xml:122:25-82
activity#com.example.android.notepad.TextColorEditor
ADDED from src\main\AndroidManifest.xml:139:9-160:20
	android:label
		ADDED from src\main\AndroidManifest.xml:141:13-43
	android:theme
		ADDED from src\main\AndroidManifest.xml:142:13-56
	android:name
		ADDED from src\main\AndroidManifest.xml:140:13-44
intent-filter#android.intent.category.ALTERNATIVE+android.intent.category.DEFAULT+android.intent.category.SELECTED_ALTERNATIVE+com.android.notepad.action.EDIT_TEXT_COLOR
ADDED from src\main\AndroidManifest.xml:143:13-159:29
	android:label
		ADDED from src\main\AndroidManifest.xml:143:28-58
action#com.android.notepad.action.EDIT_TEXT_COLOR
ADDED from src\main\AndroidManifest.xml:144:17-85
	android:name
		ADDED from src\main\AndroidManifest.xml:144:25-82
activity#com.example.android.notepad.AddAlarm
ADDED from src\main\AndroidManifest.xml:161:9-180:20
	android:label
		ADDED from src\main\AndroidManifest.xml:162:13-38
	android:name
		ADDED from src\main\AndroidManifest.xml:161:19-43
intent-filter#android.intent.category.ALTERNATIVE+android.intent.category.DEFAULT+android.intent.category.SELECTED_ALTERNATIVE+com.android.notepad.action.ADD_ALARM
ADDED from src\main\AndroidManifest.xml:163:13-179:29
	android:label
		ADDED from src\main\AndroidManifest.xml:163:28-53
action#com.android.notepad.action.ADD_ALARM
ADDED from src\main\AndroidManifest.xml:164:17-79
	android:name
		ADDED from src\main\AndroidManifest.xml:164:25-76
activity#com.example.android.notepad.NotesLiveFolder
ADDED from src\main\AndroidManifest.xml:181:9-190:20
	android:label
		ADDED from src\main\AndroidManifest.xml:184:13-53
	android:icon
		ADDED from src\main\AndroidManifest.xml:183:13-55
	android:name
		ADDED from src\main\AndroidManifest.xml:182:13-44
intent-filter#android.intent.action.CREATE_LIVE_FOLDER+android.intent.category.DEFAULT
ADDED from src\main\AndroidManifest.xml:185:13-189:29
action#android.intent.action.CREATE_LIVE_FOLDER
ADDED from src\main\AndroidManifest.xml:186:17-83
	android:name
		ADDED from src\main\AndroidManifest.xml:186:25-80
service#com.example.android.notepad.AddAlarm
ADDED from src\main\AndroidManifest.xml:192:9-45
	android:name
		ADDED from src\main\AndroidManifest.xml:192:18-42